# JRE version: Java(TM) SE Runtime Environment (8.0_05-b13) (build 1.8.0_05-b13)
# Java VM: Java HotSpot(TM) 64-Bit Server VM (25.5-b02 mixed mode windows-amd64 compressed oops)
Heap:
 PSYoungGen      total 55296K, used 32696K [0x00000000e0380000, 0x00000000e4c80000, 0x0000000100000000)
  eden space 41984K, 49% used [0x00000000e0380000,0x00000000e17a06d8,0x00000000e2c80000)
  from space 13312K, 90% used [0x00000000e3b80000,0x00000000e474d9b0,0x00000000e4880000)
  to   space 15360K, 0% used [0x00000000e2c80000,0x00000000e2c80000,0x00000000e3b80000)
 ParOldGen       total 19968K, used 17366K [0x00000000a0a00000, 0x00000000a1d80000, 0x00000000e0380000)
  object space 19968K, 86% used [0x00000000a0a00000,0x00000000a1af5970,0x00000000a1d80000)
 Metaspace       used 39793K, capacity 41924K, committed 42032K, reserved 1085440K
  class space    used 5487K, capacity 5865K, committed 5936K, reserved 1048576K
GC Heap History (10 events):
Event: 11.112 GC heap before
{Heap before GC invocations=37 (full 3):
 PSYoungGen      total 49664K, used 49170K [0x00000000e0380000, 0x00000000e3f80000, 0x0000000100000000)
  eden space 41472K, 100% used [0x00000000e0380000,0x00000000e2c00000,0x00000000e2c00000)
  from space 8192K, 93% used [0x00000000e2c00000,0x00000000e3384a48,0x00000000e3400000)
  to   space 9216K, 0% used [0x00000000e3680000,0x00000000e3680000,0x00000000e3f80000)
 ParOldGen       total 19968K, used 13702K [0x00000000a0a00000, 0x00000000a1d80000, 0x00000000e0380000)
  object space 19968K, 68% used [0x00000000a0a00000,0x00000000a1761a78,0x00000000a1d80000)
 Metaspace       used 32684K, capacity 34334K, committed 34480K, reserved 1079296K
  class space    used 4471K, capacity 4779K, committed 4784K, reserved 1048576K
Event: 11.128 GC heap after
Heap after GC invocations=37 (full 3):
 PSYoungGen      total 50688K, used 9200K [0x00000000e0380000, 0x00000000e4280000, 0x0000000100000000)
  eden space 41472K, 0% used [0x00000000e0380000,0x00000000e0380000,0x00000000e2c00000)
  from space 9216K, 99% used [0x00000000e3680000,0x00000000e3f7c098,0x00000000e3f80000)
  to   space 10752K, 0% used [0x00000000e2c00000,0x00000000e2c00000,0x00000000e3680000)
 ParOldGen       total 19968K, used 14251K [0x00000000a0a00000, 0x00000000a1d80000, 0x00000000e0380000)
  object space 19968K, 71% used [0x00000000a0a00000,0x00000000a17eaf50,0x00000000a1d80000)
 Metaspace       used 32684K, capacity 34334K, committed 34480K, reserved 1079296K
  class space    used 4471K, capacity 4779K, committed 4784K, reserved 1048576K
}
Event: 11.724 GC heap before
{Heap before GC invocations=38 (full 3):
 PSYoungGen      total 50688K, used 50672K [0x00000000e0380000, 0x00000000e4280000, 0x0000000100000000)
  eden space 41472K, 100% used [0x00000000e0380000,0x00000000e2c00000,0x00000000e2c00000)
  from space 9216K, 99% used [0x00000000e3680000,0x00000000e3f7c098,0x00000000e3f80000)
  to   space 10752K, 0% used [0x00000000e2c00000,0x00000000e2c00000,0x00000000e3680000)
 ParOldGen       total 19968K, used 14251K [0x00000000a0a00000, 0x00000000a1d80000, 0x00000000e0380000)
  object space 19968K, 71% used [0x00000000a0a00000,0x00000000a17eaf50,0x00000000a1d80000)
 Metaspace       used 33582K, capacity 35372K, committed 35632K, reserved 1079296K
  class space    used 4592K, capacity 4906K, committed 4912K, reserved 1048576K
Event: 11.739 GC heap after
Heap after GC invocations=38 (full 3):
 PSYoungGen      total 52224K, used 10736K [0x00000000e0380000, 0x00000000e4700000, 0x0000000100000000)
  eden space 41472K, 0% used [0x00000000e0380000,0x00000000e0380000,0x00000000e2c00000)
  from space 10752K, 99% used [0x00000000e2c00000,0x00000000e367c388,0x00000000e3680000)
  to   space 12800K, 0% used [0x00000000e3a80000,0x00000000e3a80000,0x00000000e4700000)
 ParOldGen       total 19968K, used 15142K [0x00000000a0a00000, 0x00000000a1d80000, 0x00000000e0380000)
  object space 19968K, 75% used [0x00000000a0a00000,0x00000000a18c9910,0x00000000a1d80000)
 Metaspace       used 33582K, capacity 35372K, committed 35632K, reserved 1079296K
  class space    used 4592K, capacity 4906K, committed 4912K, reserved 1048576K
}
Event: 12.348 GC heap before
{Heap before GC invocations=39 (full 3):
 PSYoungGen      total 52224K, used 52208K [0x00000000e0380000, 0x00000000e4700000, 0x0000000100000000)
  eden space 41472K, 100% used [0x00000000e0380000,0x00000000e2c00000,0x00000000e2c00000)
  from space 10752K, 99% used [0x00000000e2c00000,0x00000000e367c388,0x00000000e3680000)
  to   space 12800K, 0% used [0x00000000e3a80000,0x00000000e3a80000,0x00000000e4700000)
 ParOldGen       total 19968K, used 15142K [0x00000000a0a00000, 0x00000000a1d80000, 0x00000000e0380000)
  object space 19968K, 75% used [0x00000000a0a00000,0x00000000a18c9910,0x00000000a1d80000)
 Metaspace       used 34293K, capacity 36228K, committed 36400K, reserved 1081344K
  class space    used 4714K, capacity 5084K, committed 5168K, reserved 1048576K
Event: 12.360 GC heap after
Heap after GC invocations=39 (full 3):
 PSYoungGen      total 55296K, used 9660K [0x00000000e0380000, 0x00000000e4900000, 0x0000000100000000)
  eden space 42496K, 0% used [0x00000000e0380000,0x00000000e0380000,0x00000000e2d00000)
  from space 12800K, 75% used [0x00000000e3a80000,0x00000000e43ef088,0x00000000e4700000)
  to   space 13824K, 0% used [0x00000000e2d00000,0x00000000e2d00000,0x00000000e3a80000)
 ParOldGen       total 19968K, used 17350K [0x00000000a0a00000, 0x00000000a1d80000, 0x00000000e0380000)
  object space 19968K, 86% used [0x00000000a0a00000,0x00000000a1af1970,0x00000000a1d80000)
 Metaspace       used 34293K, capacity 36228K, committed 36400K, reserved 1081344K
  class space    used 4714K, capacity 5084K, committed 5168K, reserved 1048576K
}
Event: 13.257 GC heap before
{Heap before GC invocations=40 (full 3):
 PSYoungGen      total 55296K, used 52156K [0x00000000e0380000, 0x00000000e4900000, 0x0000000100000000)
  eden space 42496K, 100% used [0x00000000e0380000,0x00000000e2d00000,0x00000000e2d00000)
  from space 12800K, 75% used [0x00000000e3a80000,0x00000000e43ef088,0x00000000e4700000)
  to   space 13824K, 0% used [0x00000000e2d00000,0x00000000e2d00000,0x00000000e3a80000)
 ParOldGen       total 19968K, used 17350K [0x00000000a0a00000, 0x00000000a1d80000, 0x00000000e0380000)
  object space 19968K, 86% used [0x00000000a0a00000,0x00000000a1af1970,0x00000000a1d80000)
 Metaspace       used 35327K, capacity 37328K, committed 37552K, reserved 1081344K
  class space    used 4873K, capacity 5219K, committed 5296K, reserved 1048576K
Event: 13.271 GC heap after
Heap after GC invocations=40 (full 3):
 PSYoungGen      total 56320K, used 6766K [0x00000000e0380000, 0x00000000e4880000, 0x0000000100000000)
  eden space 42496K, 0% used [0x00000000e0380000,0x00000000e0380000,0x00000000e2d00000)
  from space 13824K, 48% used [0x00000000e2d00000,0x00000000e339b880,0x00000000e3a80000)
  to   space 13312K, 0% used [0x00000000e3b80000,0x00000000e3b80000,0x00000000e4880000)
 ParOldGen       total 19968K, used 17358K [0x00000000a0a00000, 0x00000000a1d80000, 0x00000000e0380000)
  object space 19968K, 86% used [0x00000000a0a00000,0x00000000a1af3970,0x00000000a1d80000)
 Metaspace       used 35327K, capacity 37328K, committed 37552K, reserved 1081344K
  class space    used 4873K, capacity 5219K, committed 5296K, reserved 1048576K
}
Event: 46.075 GC heap before
{Heap before GC invocations=41 (full 3):
 PSYoungGen      total 56320K, used 49262K [0x00000000e0380000, 0x00000000e4880000, 0x0000000100000000)
  eden space 42496K, 100% used [0x00000000e0380000,0x00000000e2d00000,0x00000000e2d00000)
  from space 13824K, 48% used [0x00000000e2d00000,0x00000000e339b880,0x00000000e3a80000)
  to   space 13312K, 0% used [0x00000000e3b80000,0x00000000e3b80000,0x00000000e4880000)
 ParOldGen       total 19968K, used 17358K [0x00000000a0a00000, 0x00000000a1d80000, 0x00000000e0380000)
  object space 19968K, 86% used [0x00000000a0a00000,0x00000000a1af3970,0x00000000a1d80000)
 Metaspace       used 38588K, capacity 40708K, committed 40880K, reserved 1085440K
  class space    used 5309K, capacity 5699K, committed 5808K, reserved 1048576K
Event: 46.086 GC heap after
Heap after GC invocations=41 (full 3):
 PSYoungGen      total 55296K, used 12086K [0x00000000e0380000, 0x00000000e4c80000, 0x0000000100000000)
  eden space 41984K, 0% used [0x00000000e0380000,0x00000000e0380000,0x00000000e2c80000)
  from space 13312K, 90% used [0x00000000e3b80000,0x00000000e474d9b0,0x00000000e4880000)
  to   space 15360K, 0% used [0x00000000e2c80000,0x00000000e2c80000,0x00000000e3b80000)
 ParOldGen       total 19968K, used 17366K [0x00000000a0a00000, 0x00000000a1d80000, 0x00000000e0380000)
  object space 19968K, 86% used [0x00000000a0a00000,0x00000000a1af5970,0x00000000a1d80000)
 Metaspace       used 38588K, capacity 40708K, committed 40880K, reserved 1085440K
  class space    used 5309K, capacity 5699K, committed 5808K, reserved 1048576K
}

